app/build/intermediates/manifest_merge_blame_file/debug/manifest-merger-blame-debug-report.txt
1<?xml version="1.0" encoding="utf-8"?>
2<manifest xmlns:android="http://schemas.android.com/apk/res/android"
3    package="com.example.n1"
4    android:versionCode="1"
5    android:versionName="1.0" >
6
7    <uses-sdk
7-->src\main\AndroidManifest.xml:7:5-46
8        android:minSdkVersion="8"
8-->src\main\AndroidManifest.xml:7:5-46
9        android:targetSdkVersion="8" />
9-->src\main\AndroidManifest.xml:7:15-43
10
11    <uses-permission android:name="android.permission.ACCESS_COARSE_LOCATION" />
11-->src\main\AndroidManifest.xml:9:5-81
11-->src\main\AndroidManifest.xml:9:22-78
12    <uses-permission android:name="android.permission.ACCESS_COARSE_LOCATION" />
12-->src\main\AndroidManifest.xml:9:5-81
12-->src\main\AndroidManifest.xml:9:22-78
13    <uses-permission android:name="android.permission.SEND_SMS" />
13-->src\main\AndroidManifest.xml:11:5-66
13-->src\main\AndroidManifest.xml:11:22-64
14
15    <application
15-->src\main\AndroidManifest.xml:13:5-30:19
16        android:allowBackup="true"
16-->src\main\AndroidManifest.xml:14:9-35
17        android:debuggable="true"
18        android:icon="@drawable/ic_launcher"
18-->src\main\AndroidManifest.xml:15:9-45
19        android:label="@string/app_name"
19-->src\main\AndroidManifest.xml:16:9-41
20        android:testOnly="true"
21        android:theme="@style/AppTheme" >
21-->src\main\AndroidManifest.xml:17:9-40
22        <activity
22-->src\main\AndroidManifest.xml:18:9-26:20
23            android:name="com.example.n1.N1"
23-->src\main\AndroidManifest.xml:19:13-45
24            android:label="@string/app_name" >
24-->src\main\AndroidManifest.xml:20:13-45
25            <intent-filter>
25-->src\main\AndroidManifest.xml:21:13-25:29
26                <action android:name="android.intent.action.MAIN" />
26-->src\main\AndroidManifest.xml:22:17-69
26-->src\main\AndroidManifest.xml:22:25-66
27
28                <category android:name="android.intent.category.LAUNCHER" />
28-->src\main\AndroidManifest.xml:24:17-77
28-->src\main\AndroidManifest.xml:24:27-74
29            </intent-filter>
30        </activity>
31        <activity
31-->src\main\AndroidManifest.xml:27:9-29:48
32            android:name="com.example.n1.N2"
32-->src\main\AndroidManifest.xml:28:13-45
33            android:label="@string/app_name" />
33-->src\main\AndroidManifest.xml:29:13-45
34    </application>
35
36</manifest>